2025-03-20T00:00:48.238-03:00  INFO 20640 --- [ms-customer] [main] c.g.l.m.MsCustomerApplicationTests       : Starting MsCustomerApplicationTests using Java 21.0.2 with PID 20640 (started by lucas in S:\workspace\cards-api\ms-customer)
2025-03-20T00:00:48.246-03:00  INFO 20640 --- [ms-customer] [main] c.g.l.m.MsCustomerApplicationTests       : No active profile set, falling back to 1 default profile: "default"
2025-03-20T00:00:49.316-03:00  INFO 20640 --- [ms-customer] [main] .s.d.r.c.RepositoryConfigurationDelegate : Bootstrapping Spring Data JPA repositories in DEFAULT mode.
2025-03-20T00:00:49.449-03:00  INFO 20640 --- [ms-customer] [main] .s.d.r.c.RepositoryConfigurationDelegate : Finished Spring Data repository scanning in 122 ms. Found 1 JPA repository interface.
2025-03-20T00:00:49.691-03:00  INFO 20640 --- [ms-customer] [main] o.s.cloud.context.scope.GenericScope     : BeanFactory id=e57e3db1-2ee5-33d7-963d-349641ec27fd
2025-03-20T00:00:50.202-03:00  INFO 20640 --- [ms-customer] [main] com.zaxxer.hikari.HikariDataSource       : HikariPool-1 - Starting...
2025-03-20T00:00:50.371-03:00  INFO 20640 --- [ms-customer] [main] com.zaxxer.hikari.pool.HikariPool        : HikariPool-1 - Added connection conn0: url=jdbc:h2:mem:6596ba93-1288-4f9a-aa29-5c1081fbaba6 user=SA
2025-03-20T00:00:50.374-03:00  INFO 20640 --- [ms-customer] [main] com.zaxxer.hikari.HikariDataSource       : HikariPool-1 - Start completed.
2025-03-20T00:00:50.518-03:00  INFO 20640 --- [ms-customer] [main] o.hibernate.jpa.internal.util.LogHelper  : HHH000204: Processing PersistenceUnitInfo [name: default]
2025-03-20T00:00:50.574-03:00  INFO 20640 --- [ms-customer] [main] org.hibernate.Version                    : HHH000412: Hibernate ORM core version 6.6.8.Final
2025-03-20T00:00:50.608-03:00  INFO 20640 --- [ms-customer] [main] o.h.c.internal.RegionFactoryInitiator    : HHH000026: Second-level cache disabled
2025-03-20T00:00:50.857-03:00  INFO 20640 --- [ms-customer] [main] o.s.o.j.p.SpringPersistenceUnitInfo      : No LoadTimeWeaver setup: ignoring JPA class transformer
2025-03-20T00:00:50.920-03:00  INFO 20640 --- [ms-customer] [main] org.hibernate.orm.connections.pooling    : HHH10001005: Database info:
	Database JDBC URL [Connecting through datasource 'HikariDataSource (HikariPool-1)']
	Database driver: undefined/unknown
	Database version: 2.3.232
	Autocommit mode: undefined/unknown
	Isolation level: undefined/unknown
	Minimum pool size: undefined/unknown
	Maximum pool size: undefined/unknown
2025-03-20T00:00:51.528-03:00  INFO 20640 --- [ms-customer] [main] o.h.e.t.j.p.i.JtaPlatformInitiator       : HHH000489: No JTA platform available (set 'hibernate.transaction.jta.platform' to enable JTA platform integration)
2025-03-20T00:00:51.568-03:00  INFO 20640 --- [ms-customer] [main] j.LocalContainerEntityManagerFactoryBean : Initialized JPA EntityManagerFactory for persistence unit 'default'
2025-03-20T00:00:52.234-03:00  WARN 20640 --- [ms-customer] [main] JpaBaseConfiguration$JpaWebConfiguration : spring.jpa.open-in-view is enabled by default. Therefore, database queries may be performed during view rendering. Explicitly configure spring.jpa.open-in-view to disable this warning
2025-03-20T00:00:52.296-03:00  INFO 20640 --- [ms-customer] [main] o.s.v.b.OptionalValidatorFactoryBean     : Failed to set up a Bean Validation provider: jakarta.validation.NoProviderFoundException: Unable to create a Configuration, because no Jakarta Bean Validation provider could be found. Add a provider like Hibernate Validator (RI) to your classpath.
2025-03-20T00:00:53.418-03:00  INFO 20640 --- [ms-customer] [main] DiscoveryClientOptionalArgsConfiguration : Eureka HTTP Client uses RestTemplate.
2025-03-20T00:00:53.467-03:00  WARN 20640 --- [ms-customer] [main] iguration$LoadBalancerCaffeineWarnLogger : Spring Cloud LoadBalancer is currently working with the default cache. While this cache implementation is useful for development and tests, it's recommended to use Caffeine cache in production.You can switch to using Caffeine cache, by adding it and org.springframework.cache.caffeine.CaffeineCacheManager to the classpath.
2025-03-20T00:00:53.481-03:00  INFO 20640 --- [ms-customer] [main] o.s.b.a.e.web.EndpointLinksResolver      : Exposing 18 endpoints beneath base path '/actuator'
2025-03-20T00:00:53.577-03:00  INFO 20640 --- [ms-customer] [main] c.g.l.m.MsCustomerApplicationTests       : Started MsCustomerApplicationTests in 5.646 seconds (process running for 6.628)
2025-03-20T00:00:54.104-03:00  INFO 20640 --- [ms-customer] [SpringApplicationShutdownHook] o.s.c.n.eureka.InstanceInfoFactory       : Setting initial instance status as: STARTING
2025-03-20T00:00:54.108-03:00  INFO 20640 --- [ms-customer] [SpringApplicationShutdownHook] o.s.c.n.e.s.EurekaServiceRegistry        : Unregistering application MS-CUSTOMER with eureka with status DOWN
2025-03-20T00:00:54.115-03:00  INFO 20640 --- [ms-customer] [SpringApplicationShutdownHook] j.LocalContainerEntityManagerFactoryBean : Closing JPA EntityManagerFactory for persistence unit 'default'
2025-03-20T00:00:54.119-03:00  INFO 20640 --- [ms-customer] [SpringApplicationShutdownHook] com.zaxxer.hikari.HikariDataSource       : HikariPool-1 - Shutdown initiated...
2025-03-20T00:00:54.121-03:00  INFO 20640 --- [ms-customer] [SpringApplicationShutdownHook] com.zaxxer.hikari.HikariDataSource       : HikariPool-1 - Shutdown completed.
