2025-03-16T23:38:27.372-03:00  INFO 11492 --- [ms-credit-rating] [main] c.g.l.m.MsCreditRatingApplication        : Starting MsCreditRatingApplication using Java 21.0.2 with PID 11492 (S:\workspace\ms-credit-rating\target\classes started by lucas in S:\workspace\ms-credit-rating)
2025-03-16T23:38:27.374-03:00  INFO 11492 --- [ms-credit-rating] [main] c.g.l.m.MsCreditRatingApplication        : No active profile set, falling back to 1 default profile: "default"
2025-03-16T23:38:28.528-03:00  INFO 11492 --- [ms-credit-rating] [main] o.s.cloud.context.scope.GenericScope     : BeanFactory id=67fce7ba-a53b-3671-b9dd-d9cd13195e2e
2025-03-16T23:38:28.857-03:00  INFO 11492 --- [ms-credit-rating] [main] o.s.b.w.embedded.tomcat.TomcatWebServer  : Tomcat initialized with port 0 (http)
2025-03-16T23:38:28.872-03:00  INFO 11492 --- [ms-credit-rating] [main] o.apache.catalina.core.StandardService   : Starting service [Tomcat]
2025-03-16T23:38:28.873-03:00  INFO 11492 --- [ms-credit-rating] [main] o.apache.catalina.core.StandardEngine    : Starting Servlet engine: [Apache Tomcat/10.1.36]
2025-03-16T23:38:28.931-03:00  INFO 11492 --- [ms-credit-rating] [main] o.a.c.c.C.[Tomcat].[localhost].[/]       : Initializing Spring embedded WebApplicationContext
2025-03-16T23:38:28.932-03:00  INFO 11492 --- [ms-credit-rating] [main] w.s.c.ServletWebServerApplicationContext : Root WebApplicationContext: initialization completed in 1516 ms
2025-03-16T23:38:29.390-03:00  INFO 11492 --- [ms-credit-rating] [main] o.s.c.openfeign.FeignClientFactoryBean   : For 'ms-customer' URL not provided. Will try picking an instance via load-balancing.
2025-03-16T23:38:29.439-03:00  INFO 11492 --- [ms-credit-rating] [main] o.s.c.openfeign.FeignClientFactoryBean   : For 'ms-cards' URL not provided. Will try picking an instance via load-balancing.
2025-03-16T23:38:29.675-03:00  INFO 11492 --- [ms-credit-rating] [main] o.s.v.b.OptionalValidatorFactoryBean     : Failed to set up a Bean Validation provider: jakarta.validation.NoProviderFoundException: Unable to create a Configuration, because no Jakarta Bean Validation provider could be found. Add a provider like Hibernate Validator (RI) to your classpath.
2025-03-16T23:38:30.351-03:00  INFO 11492 --- [ms-credit-rating] [main] DiscoveryClientOptionalArgsConfiguration : Eureka HTTP Client uses RestTemplate.
2025-03-16T23:38:30.378-03:00  WARN 11492 --- [ms-credit-rating] [main] iguration$LoadBalancerCaffeineWarnLogger : Spring Cloud LoadBalancer is currently working with the default cache. While this cache implementation is useful for development and tests, it's recommended to use Caffeine cache in production.You can switch to using Caffeine cache, by adding it and org.springframework.cache.caffeine.CaffeineCacheManager to the classpath.
2025-03-16T23:38:30.400-03:00  INFO 11492 --- [ms-credit-rating] [main] o.s.b.a.e.web.EndpointLinksResolver      : Exposing 18 endpoints beneath base path '/actuator'
2025-03-16T23:38:30.485-03:00  INFO 11492 --- [ms-credit-rating] [main] o.s.b.w.embedded.tomcat.TomcatWebServer  : Tomcat started on port 58932 (http) with context path '/'
2025-03-16T23:38:30.486-03:00  INFO 11492 --- [ms-credit-rating] [main] .s.c.n.e.s.EurekaAutoServiceRegistration : Updating port to 58932
2025-03-16T23:38:30.491-03:00  INFO 11492 --- [ms-credit-rating] [main] o.s.c.n.eureka.InstanceInfoFactory       : Setting initial instance status as: STARTING
2025-03-16T23:38:30.512-03:00  INFO 11492 --- [ms-credit-rating] [main] com.netflix.discovery.DiscoveryClient    : Initializing Eureka in region us-east-1
2025-03-16T23:38:30.516-03:00  INFO 11492 --- [ms-credit-rating] [main] c.n.d.s.r.aws.ConfigClusterResolver      : Resolving eureka endpoints via configuration
2025-03-16T23:38:30.527-03:00  INFO 11492 --- [ms-credit-rating] [main] com.netflix.discovery.DiscoveryClient    : Disable delta property : false
2025-03-16T23:38:30.527-03:00  INFO 11492 --- [ms-credit-rating] [main] com.netflix.discovery.DiscoveryClient    : Single vip registry refresh property : null
2025-03-16T23:38:30.527-03:00  INFO 11492 --- [ms-credit-rating] [main] com.netflix.discovery.DiscoveryClient    : Force full registry fetch : false
2025-03-16T23:38:30.527-03:00  INFO 11492 --- [ms-credit-rating] [main] com.netflix.discovery.DiscoveryClient    : Application is null : false
2025-03-16T23:38:30.528-03:00  INFO 11492 --- [ms-credit-rating] [main] com.netflix.discovery.DiscoveryClient    : Registered Applications size is zero : true
2025-03-16T23:38:30.528-03:00  INFO 11492 --- [ms-credit-rating] [main] com.netflix.discovery.DiscoveryClient    : Application version is -1: true
2025-03-16T23:38:30.528-03:00  INFO 11492 --- [ms-credit-rating] [main] com.netflix.discovery.DiscoveryClient    : Getting all instance registry info from the eureka server
2025-03-16T23:38:30.832-03:00  INFO 11492 --- [ms-credit-rating] [main] com.netflix.discovery.DiscoveryClient    : The response status is 200
2025-03-16T23:38:30.834-03:00  INFO 11492 --- [ms-credit-rating] [main] com.netflix.discovery.DiscoveryClient    : Starting heartbeat executor: renew interval is: 30
2025-03-16T23:38:30.835-03:00  INFO 11492 --- [ms-credit-rating] [main] c.n.discovery.InstanceInfoReplicator     : InstanceInfoReplicator onDemand update allowed rate per min is 4
2025-03-16T23:38:30.836-03:00  INFO 11492 --- [ms-credit-rating] [main] com.netflix.discovery.DiscoveryClient    : Discovery Client initialized at timestamp 1742179110836 with initial instances count: 5
2025-03-16T23:38:30.838-03:00  INFO 11492 --- [ms-credit-rating] [main] o.s.c.n.e.s.EurekaServiceRegistry        : Registering application MS-CREDIT-RATING with eureka with status UP
2025-03-16T23:38:30.839-03:00  INFO 11492 --- [ms-credit-rating] [main] com.netflix.discovery.DiscoveryClient    : Saw local status change event StatusChangeEvent [timestamp=1742179110839, current=UP, previous=STARTING]
2025-03-16T23:38:30.840-03:00  INFO 11492 --- [ms-credit-rating] [DiscoveryClient-InstanceInfoReplicator-%d] com.netflix.discovery.DiscoveryClient    : DiscoveryClient_MS-CREDIT-RATING/ms-credit-rating:5557f92063584c1ee6d5c4cd25c21773: registering service...
2025-03-16T23:38:30.855-03:00  INFO 11492 --- [ms-credit-rating] [main] c.g.l.m.MsCreditRatingApplication        : Started MsCreditRatingApplication in 4.01 seconds (process running for 4.615)
2025-03-16T23:38:30.939-03:00  INFO 11492 --- [ms-credit-rating] [DiscoveryClient-InstanceInfoReplicator-%d] com.netflix.discovery.DiscoveryClient    : DiscoveryClient_MS-CREDIT-RATING/ms-credit-rating:5557f92063584c1ee6d5c4cd25c21773 - registration status: 204
2025-03-16T23:41:24.153-03:00  INFO 11492 --- [ms-credit-rating] [http-nio-auto-1-exec-1] o.a.c.c.C.[Tomcat].[localhost].[/]       : Initializing Spring DispatcherServlet 'dispatcherServlet'
2025-03-16T23:41:24.153-03:00  INFO 11492 --- [ms-credit-rating] [http-nio-auto-1-exec-1] o.s.web.servlet.DispatcherServlet        : Initializing Servlet 'dispatcherServlet'
2025-03-16T23:41:24.154-03:00  INFO 11492 --- [ms-credit-rating] [http-nio-auto-1-exec-1] o.s.web.servlet.DispatcherServlet        : Completed initialization in 1 ms
2025-03-16T23:42:42.970-03:00  INFO 11492 --- [ms-credit-rating] [http-nio-auto-1-exec-3] o.springdoc.api.AbstractOpenApiResource  : Init duration for springdoc-openapi is: 159 ms
2025-03-16T23:43:30.545-03:00  INFO 11492 --- [ms-credit-rating] [AsyncResolver-bootstrap-executor-%d] c.n.d.s.r.aws.ConfigClusterResolver      : Resolving eureka endpoints via configuration
2025-03-16T23:43:53.166-03:00  INFO 11492 --- [ms-credit-rating] [SpringApplicationShutdownHook] o.s.c.n.e.s.EurekaServiceRegistry        : Unregistering application MS-CREDIT-RATING with eureka with status DOWN
2025-03-16T23:43:53.166-03:00  INFO 11492 --- [ms-credit-rating] [SpringApplicationShutdownHook] com.netflix.discovery.DiscoveryClient    : Saw local status change event StatusChangeEvent [timestamp=1742179433166, current=DOWN, previous=UP]
2025-03-16T23:43:53.166-03:00  INFO 11492 --- [ms-credit-rating] [DiscoveryClient-InstanceInfoReplicator-%d] com.netflix.discovery.DiscoveryClient    : DiscoveryClient_MS-CREDIT-RATING/ms-credit-rating:5557f92063584c1ee6d5c4cd25c21773: registering service...
2025-03-16T23:43:53.168-03:00  INFO 11492 --- [ms-credit-rating] [SpringApplicationShutdownHook] o.s.b.w.e.tomcat.GracefulShutdown        : Commencing graceful shutdown. Waiting for active requests to complete
2025-03-16T23:43:53.173-03:00  INFO 11492 --- [ms-credit-rating] [tomcat-shutdown] o.s.b.w.e.tomcat.GracefulShutdown        : Graceful shutdown complete
2025-03-16T23:43:53.181-03:00  INFO 11492 --- [ms-credit-rating] [SpringApplicationShutdownHook] com.netflix.discovery.DiscoveryClient    : Shutting down DiscoveryClient ...
2025-03-16T23:43:53.242-03:00  INFO 11492 --- [ms-credit-rating] [DiscoveryClient-InstanceInfoReplicator-%d] com.netflix.discovery.DiscoveryClient    : DiscoveryClient_MS-CREDIT-RATING/ms-credit-rating:5557f92063584c1ee6d5c4cd25c21773 - registration status: 204
2025-03-16T23:43:53.242-03:00  INFO 11492 --- [ms-credit-rating] [SpringApplicationShutdownHook] com.netflix.discovery.DiscoveryClient    : Unregistering ...
2025-03-16T23:43:53.300-03:00  INFO 11492 --- [ms-credit-rating] [SpringApplicationShutdownHook] com.netflix.discovery.DiscoveryClient    : DiscoveryClient_MS-CREDIT-RATING/ms-credit-rating:5557f92063584c1ee6d5c4cd25c21773 - deregister  status: 200
2025-03-16T23:43:53.300-03:00  INFO 11492 --- [ms-credit-rating] [SpringApplicationShutdownHook] com.netflix.discovery.DiscoveryClient    : Completed shut down of DiscoveryClient
