2025-03-20T00:00:37.515-03:00  INFO 18840 --- [ms-cards] [main] c.g.l.ms_cards.MsCardsApplicationTests   : Starting MsCardsApplicationTests using Java 21.0.2 with PID 18840 (started by lucas in S:\workspace\cards-api\ms-cards)
2025-03-20T00:00:37.521-03:00  INFO 18840 --- [ms-cards] [main] c.g.l.ms_cards.MsCardsApplicationTests   : No active profile set, falling back to 1 default profile: "default"
2025-03-20T00:00:38.632-03:00  INFO 18840 --- [ms-cards] [main] .s.d.r.c.RepositoryConfigurationDelegate : Bootstrapping Spring Data JPA repositories in DEFAULT mode.
2025-03-20T00:00:38.760-03:00  INFO 18840 --- [ms-cards] [main] .s.d.r.c.RepositoryConfigurationDelegate : Finished Spring Data repository scanning in 119 ms. Found 2 JPA repository interfaces.
2025-03-20T00:00:39.049-03:00  INFO 18840 --- [ms-cards] [main] o.s.cloud.context.scope.GenericScope     : BeanFactory id=96d13cd7-1184-3eed-b144-5e12763f0a7e
2025-03-20T00:00:39.586-03:00  INFO 18840 --- [ms-cards] [main] com.zaxxer.hikari.HikariDataSource       : HikariPool-1 - Starting...
2025-03-20T00:00:39.756-03:00  INFO 18840 --- [ms-cards] [main] com.zaxxer.hikari.pool.HikariPool        : HikariPool-1 - Added connection conn0: url=jdbc:h2:mem:91f4e74e-fb7a-4234-a12b-4dec7536588a user=SA
2025-03-20T00:00:39.759-03:00  INFO 18840 --- [ms-cards] [main] com.zaxxer.hikari.HikariDataSource       : HikariPool-1 - Start completed.
2025-03-20T00:00:39.829-03:00  INFO 18840 --- [ms-cards] [main] o.hibernate.jpa.internal.util.LogHelper  : HHH000204: Processing PersistenceUnitInfo [name: default]
2025-03-20T00:00:39.878-03:00  INFO 18840 --- [ms-cards] [main] org.hibernate.Version                    : HHH000412: Hibernate ORM core version 6.6.8.Final
2025-03-20T00:00:39.923-03:00  INFO 18840 --- [ms-cards] [main] o.h.c.internal.RegionFactoryInitiator    : HHH000026: Second-level cache disabled
2025-03-20T00:00:40.166-03:00  INFO 18840 --- [ms-cards] [main] o.s.o.j.p.SpringPersistenceUnitInfo      : No LoadTimeWeaver setup: ignoring JPA class transformer
2025-03-20T00:00:40.229-03:00  INFO 18840 --- [ms-cards] [main] org.hibernate.orm.connections.pooling    : HHH10001005: Database info:
	Database JDBC URL [Connecting through datasource 'HikariDataSource (HikariPool-1)']
	Database driver: undefined/unknown
	Database version: 2.3.232
	Autocommit mode: undefined/unknown
	Isolation level: undefined/unknown
	Minimum pool size: undefined/unknown
	Maximum pool size: undefined/unknown
2025-03-20T00:00:40.860-03:00  INFO 18840 --- [ms-cards] [main] o.h.e.t.j.p.i.JtaPlatformInitiator       : HHH000489: No JTA platform available (set 'hibernate.transaction.jta.platform' to enable JTA platform integration)
2025-03-20T00:00:40.896-03:00  INFO 18840 --- [ms-cards] [main] j.LocalContainerEntityManagerFactoryBean : Initialized JPA EntityManagerFactory for persistence unit 'default'
2025-03-20T00:00:41.609-03:00  WARN 18840 --- [ms-cards] [main] JpaBaseConfiguration$JpaWebConfiguration : spring.jpa.open-in-view is enabled by default. Therefore, database queries may be performed during view rendering. Explicitly configure spring.jpa.open-in-view to disable this warning
2025-03-20T00:00:41.681-03:00  INFO 18840 --- [ms-cards] [main] o.s.v.b.OptionalValidatorFactoryBean     : Failed to set up a Bean Validation provider: jakarta.validation.NoProviderFoundException: Unable to create a Configuration, because no Jakarta Bean Validation provider could be found. Add a provider like Hibernate Validator (RI) to your classpath.
2025-03-20T00:00:43.050-03:00  INFO 18840 --- [ms-cards] [main] DiscoveryClientOptionalArgsConfiguration : Eureka HTTP Client uses RestTemplate.
2025-03-20T00:00:43.102-03:00  WARN 18840 --- [ms-cards] [main] iguration$LoadBalancerCaffeineWarnLogger : Spring Cloud LoadBalancer is currently working with the default cache. While this cache implementation is useful for development and tests, it's recommended to use Caffeine cache in production.You can switch to using Caffeine cache, by adding it and org.springframework.cache.caffeine.CaffeineCacheManager to the classpath.
2025-03-20T00:00:43.114-03:00  INFO 18840 --- [ms-cards] [main] o.s.b.a.e.web.EndpointLinksResolver      : Exposing 18 endpoints beneath base path '/actuator'
2025-03-20T00:00:43.231-03:00  INFO 18840 --- [ms-cards] [main] o.s.a.r.c.CachingConnectionFactory       : Attempting to connect to: [${HOST_RABBITMQ}:5672]
2025-03-20T00:00:43.236-03:00  INFO 18840 --- [ms-cards] [main] o.s.a.r.l.SimpleMessageListenerContainer : Broker not available; cannot force queue declarations during start: java.net.UnknownHostException: Este host não é conhecido (${HOST_RABBITMQ})
2025-03-20T00:00:43.246-03:00  INFO 18840 --- [ms-cards] [org.springframework.amqp.rabbit.RabbitListenerEndpointContainer#0-1] o.s.a.r.c.CachingConnectionFactory       : Attempting to connect to: [${HOST_RABBITMQ}:5672]
2025-03-20T00:00:43.259-03:00  INFO 18840 --- [ms-cards] [main] c.g.l.ms_cards.MsCardsApplicationTests   : Started MsCardsApplicationTests in 6.058 seconds (process running for 7.037)
2025-03-20T00:00:43.770-03:00  INFO 18840 --- [ms-cards] [SpringApplicationShutdownHook] o.s.c.n.eureka.InstanceInfoFactory       : Setting initial instance status as: STARTING
2025-03-20T00:00:43.774-03:00  INFO 18840 --- [ms-cards] [SpringApplicationShutdownHook] o.s.c.n.e.s.EurekaServiceRegistry        : Unregistering application MS-CARDS with eureka with status DOWN
2025-03-20T00:00:43.778-03:00  INFO 18840 --- [ms-cards] [org.springframework.amqp.rabbit.RabbitListenerEndpointContainer#0-2] o.s.a.r.l.SimpleMessageListenerContainer : Waiting for workers to finish.
2025-03-20T00:00:43.778-03:00  INFO 18840 --- [ms-cards] [org.springframework.amqp.rabbit.RabbitListenerEndpointContainer#0-2] o.s.a.r.l.SimpleMessageListenerContainer : Successfully waited for workers to finish.
2025-03-20T00:00:43.784-03:00  INFO 18840 --- [ms-cards] [SpringApplicationShutdownHook] j.LocalContainerEntityManagerFactoryBean : Closing JPA EntityManagerFactory for persistence unit 'default'
2025-03-20T00:00:43.789-03:00  INFO 18840 --- [ms-cards] [SpringApplicationShutdownHook] com.zaxxer.hikari.HikariDataSource       : HikariPool-1 - Shutdown initiated...
2025-03-20T00:00:43.791-03:00  INFO 18840 --- [ms-cards] [SpringApplicationShutdownHook] com.zaxxer.hikari.HikariDataSource       : HikariPool-1 - Shutdown completed.
